=== Run started at 2026-07-01T08:39:41.204Z ===
[2026-07-01T08:39:41.219Z] [INFO] LinkedIn CONNECT request automation started {"accountId":"dheeraj2","role":"Software Engineer","location":"usa","maxPerRun":10,"delayRangeMs":[6000,18000],"sendEnabled":true,"loginOnly":false}
[2026-07-01T08:39:41.219Z] [INFO] Launching Chrome with persistent profile {"profileDir":"D:\\new Folder of D\\Projects\\Linkdin_project\\.browser-profile-dheeraj2","headless":false}
[2026-07-01T08:39:41.219Z] [WARN] CONNECT_SEND_ENABLED is true — invitations will be sent with your note
[2026-07-01T08:39:44.799Z] [INFO] LinkedIn session verified
[2026-07-01T08:39:44.800Z] [INFO] Loaded connect request registry {"alreadySentCount":0}
[2026-07-01T08:39:44.803Z] [INFO] Opening People search {"keywords":"Software Engineer usa","url":"https://www.linkedin.com/search/results/people/?keywords=Software%20Engineer%20usa&origin=GLOBAL_SEARCH_HEADER"}
[2026-07-01T08:39:48.545Z] [INFO] Search results loaded {"profiles":20,"connects":10}
[2026-07-01T08:39:52.672Z] [SUCCESS] People search ready {"keywords":"Software Engineer usa","connectableOnPage":10,"sample":["Ravi Khunt","yashwant yuvi","Manav Rajvanshi"]}
[2026-07-01T08:39:52.681Z] [INFO] Scan: 10 connectable on screen {"sentSoFar":0,"maxPerRun":10}
[2026-07-01T08:39:52.684Z] [INFO] Connect: Ravi Khunt {"slug":"ravikhunt","connectLabel":"Invite Ravi Khunt to connect"}
[2026-07-01T08:39:52.684Z] [INFO] Processing 1/10 {"name":"Ravi Khunt","profileUrl":"https://www.linkedin.com/in/ravikhunt","headline":"","slug":"ravikhunt","connectAria":"Invite Ravi Khunt to connect"}
[2026-07-01T08:39:53.470Z] [INFO] Clicked Connect {"name":"Ravi Khunt"}
[2026-07-01T08:40:03.894Z] [ERROR] Failed 1/10 {"name":"Ravi Khunt","reason":"locator.click: Timeout 5000ms exceeded.\nCall log:\n  - waiting for getByRole('button', { name: /send/i }).first()\n    - locator resolved to <button disabled id=\"ember68\" aria-label=\"Send invitation\" class=\"artdeco-button artdeco-button--2 artdeco-button--primary artdeco-button--disabled ember-view ml1\">…</button>\n  - attempting click action\n    2 × waiting for element to be visible, enabled and stable\n      - element is not enabled\n    - retrying click action\n    - waiting 20ms\n    2 × waiting for element to be visible, enabled and stable\n      - element is not enabled\n    - retrying click action\n      - waiting 100ms\n    9 × waiting for element to be visible, enabled and stable\n      - element is not enabled\n    - retrying click action\n      - waiting 500ms\n"}
[2026-07-01T08:40:03.894Z] [INFO] Random pause 10.8s before next connect {"minMs":6000,"maxMs":18000,"actualMs":10770}
[2026-07-01T08:40:14.674Z] [INFO] Processing 1/10 {"name":"yashwant yuvi","profileUrl":"https://www.linkedin.com/in/yashwant-yuvi-b8a9b1162","headline":"","slug":"yashwant-yuvi-b8a9b1162","connectAria":"Invite yashwant yuvi to connect"}
[2026-07-01T08:40:14.674Z] [INFO] Connect: yashwant yuvi {"slug":"yashwant-yuvi-b8a9b1162","connectLabel":"Invite yashwant yuvi to connect"}
[2026-07-01T08:40:15.345Z] [INFO] Clicked Connect {"name":"yashwant yuvi"}
[2026-07-01T08:40:25.518Z] [ERROR] Failed 1/10 {"name":"yashwant yuvi","reason":"locator.click: Timeout 5000ms exceeded.\nCall log:\n  - waiting for getByRole('button', { name: /send/i }).first()\n    - locator resolved to <button disabled id=\"ember85\" aria-label=\"Send invitation\" class=\"artdeco-button artdeco-button--2 artdeco-button--primary artdeco-button--disabled ember-view ml1\">…</button>\n  - attempting click action\n    2 × waiting for element to be visible, enabled and stable\n      - element is not enabled\n    - retrying click action\n    - waiting 20ms\n    2 × waiting for element to be visible, enabled and stable\n      - element is not enabled\n    - retrying click action\n      - waiting 100ms\n    9 × waiting for element to be visible, enabled and stable\n      - element is not enabled\n    - retrying click action\n      - waiting 500ms\n"}
[2026-07-01T08:40:25.519Z] [INFO] Random pause 10.3s before next connect {"minMs":6000,"maxMs":18000,"actualMs":10286}
[2026-07-01T08:40:35.812Z] [INFO] Processing 1/10 {"name":"Manav Rajvanshi","profileUrl":"https://www.linkedin.com/in/manavrajvanshi","headline":"","slug":"manavrajvanshi","connectAria":"Invite Manav Rajvanshi to connect"}
[2026-07-01T08:40:35.812Z] [INFO] Connect: Manav Rajvanshi {"slug":"manavrajvanshi","connectLabel":"Invite Manav Rajvanshi to connect"}
[2026-07-01T08:40:36.419Z] [INFO] Clicked Connect {"name":"Manav Rajvanshi"}
[2026-07-01T08:40:46.677Z] [ERROR] Failed 1/10 {"name":"Manav Rajvanshi","reason":"locator.click: Timeout 5000ms exceeded.\nCall log:\n  - waiting for getByRole('button', { name: /send/i }).first()\n    - locator resolved to <button disabled id=\"ember102\" aria-label=\"Send invitation\" class=\"artdeco-button artdeco-button--2 artdeco-button--primary artdeco-button--disabled ember-view ml1\">…</button>\n  - attempting click action\n    2 × waiting for element to be visible, enabled and stable\n      - element is not enabled\n    - retrying click action\n    - waiting 20ms\n    2 × waiting for element to be visible, enabled and stable\n      - element is not enabled\n    - retrying click action\n      - waiting 100ms\n    9 × waiting for element to be visible, enabled and stable\n      - element is not enabled\n    - retrying click action\n      - waiting 500ms\n"}
[2026-07-01T08:40:46.677Z] [INFO] Random pause 16.5s before next connect {"minMs":6000,"maxMs":18000,"actualMs":16507}
[2026-07-01T08:41:03.192Z] [INFO] Processing 1/10 {"name":"Bhanu K","profileUrl":"https://www.linkedin.com/in/bhanu-k-a0ab6a15a","headline":"","slug":"bhanu-k-a0ab6a15a","connectAria":"Invite Bhanu K to connect"}
[2026-07-01T08:41:03.192Z] [INFO] Connect: Bhanu K {"slug":"bhanu-k-a0ab6a15a","connectLabel":"Invite Bhanu K to connect"}
[2026-07-01T08:41:03.900Z] [INFO] Clicked Connect {"name":"Bhanu K"}
[2026-07-01T08:41:14.052Z] [ERROR] Failed 1/10 {"name":"Bhanu K","reason":"locator.click: Timeout 5000ms exceeded.\nCall log:\n  - waiting for getByRole('button', { name: /send/i }).first()\n    - locator resolved to <button disabled id=\"ember119\" aria-label=\"Send invitation\" class=\"artdeco-button artdeco-button--2 artdeco-button--primary artdeco-button--disabled ember-view ml1\">…</button>\n  - attempting click action\n    2 × waiting for element to be visible, enabled and stable\n      - element is not enabled\n    - retrying click action\n    - waiting 20ms\n    2 × waiting for element to be visible, enabled and stable\n      - element is not enabled\n    - retrying click action\n      - waiting 100ms\n    9 × waiting for element to be visible, enabled and stable\n      - element is not enabled\n    - retrying click action\n      - waiting 500ms\n"}
[2026-07-01T08:41:14.052Z] [INFO] Random pause 8.2s before next connect {"minMs":6000,"maxMs":18000,"actualMs":8196}
[2026-07-01T08:41:22.255Z] [INFO] Processing 1/10 {"name":"Santosh Mishra","profileUrl":"https://www.linkedin.com/in/santosh-mishra-b38b61255","headline":"","slug":"santosh-mishra-b38b61255","connectAria":"Invite Santosh Mishra to connect"}
[2026-07-01T08:41:22.256Z] [INFO] Connect: Santosh Mishra {"slug":"santosh-mishra-b38b61255","connectLabel":"Invite Santosh Mishra to connect"}
[2026-07-01T08:41:22.897Z] [INFO] Clicked Connect {"name":"Santosh Mishra"}
[2026-07-01T08:41:32.995Z] [ERROR] Failed 1/10 {"name":"Santosh Mishra","reason":"locator.click: Timeout 5000ms exceeded.\nCall log:\n  - waiting for getByRole('button', { name: /send/i }).first()\n    - locator resolved to <button disabled id=\"ember136\" aria-label=\"Send invitation\" class=\"artdeco-button artdeco-button--2 artdeco-button--primary artdeco-button--disabled ember-view ml1\">…</button>\n  - attempting click action\n    2 × waiting for element to be visible, enabled and stable\n      - element is not enabled\n    - retrying click action\n    - waiting 20ms\n    2 × waiting for element to be visible, enabled and stable\n      - element is not enabled\n    - retrying click action\n      - waiting 100ms\n    9 × waiting for element to be visible, enabled and stable\n      - element is not enabled\n    - retrying click action\n      - waiting 500ms\n"}
[2026-07-01T08:41:32.995Z] [INFO] Random pause 13.6s before next connect {"minMs":6000,"maxMs":18000,"actualMs":13606}
[2026-07-01T08:41:46.609Z] [INFO] Processing 1/10 {"name":"Het Jasoliya","profileUrl":"https://www.linkedin.com/in/het-jasoliya-273046419","headline":"","slug":"het-jasoliya-273046419","connectAria":"Invite Het Jasoliya to connect"}
[2026-07-01T08:41:46.610Z] [INFO] Connect: Het Jasoliya {"slug":"het-jasoliya-273046419","connectLabel":"Invite Het Jasoliya to connect"}
[2026-07-01T08:41:58.489Z] [ERROR] Failed 1/10 {"name":"Het Jasoliya","reason":"locator.click: Timeout 10000ms exceeded.\nCall log:\n  - waiting for getByRole('link', { name: 'Invite Het Jasoliya to connect', exact: true })\n    - locator resolved to <a aria-disabled=\"false\" aria-label=\"Invite Het Jasoliya to connect\" href=\"/preload/search-custom-invite/?vanityName=het-jasoliya-273046419\" componentkey=\"ConnectButtonstate:invitation:urn:li:member:1782726135_connect\" class=\"_82eace64 _29add46f _41832873 _92bbaa9b _03f37ef1 _7cdddb36 _5ad3f752 _7704646e a377678b _9acd202a _0e80b3ae cfcb9f95 _2a3c0481 _5644c7c3 _8725e92e\">…</a>\n  - attempting click action\n    2 × waiting for element to be visible, enabled and stable\n      - element is visible, enabled and stable\n      - scrolling into view if needed\n      - done scrolling\n      - <div id=\"interop-outlet\" class=\"theme--light\" data-testid=\"interop-shadowdom\"></div> intercepts pointer events\n    - retrying click action\n    - waiting 20ms\n    2 × waiting for element to be visible, enabled and stable\n      - element is visible, enabled and stable\n      - scrolling into view if needed\n      - done scrolling\n      - <div id=\"interop-outlet\" class=\"theme--light\" data-testid=\"interop-shadowdom\"></div> intercepts pointer events\n    - retrying click action\n      - waiting 100ms\n    18 × waiting for element to be visible, enabled and stable\n       - element is visible, enabled and stable\n       - scrolling into view if needed\n       - done scrolling\n       - <div id=\"interop-outlet\" class=\"theme--light\" data-testid=\"interop-shadowdom\"></div> intercepts pointer events\n     - retrying click action\n       - waiting 500ms\n"}
[2026-07-01T08:41:58.489Z] [INFO] Random pause 11.0s before next connect {"minMs":6000,"maxMs":18000,"actualMs":10980}
[2026-07-01T08:42:09.473Z] [INFO] Processing 1/10 {"name":"Tamil Mani","profileUrl":"https://www.linkedin.com/in/tamil-mani-8990a4141","headline":"","slug":"tamil-mani-8990a4141","connectAria":"Invite Tamil Mani to connect"}
[2026-07-01T08:42:09.473Z] [INFO] Connect: Tamil Mani {"slug":"tamil-mani-8990a4141","connectLabel":"Invite Tamil Mani to connect"}
[2026-07-01T08:42:10.123Z] [INFO] Clicked Connect {"name":"Tamil Mani"}
[2026-07-01T08:42:20.291Z] [ERROR] Failed 1/10 {"name":"Tamil Mani","reason":"locator.click: Timeout 5000ms exceeded.\nCall log:\n  - waiting for getByRole('button', { name: /send/i }).first()\n    - locator resolved to <button disabled id=\"ember177\" aria-label=\"Send invitation\" class=\"artdeco-button artdeco-button--2 artdeco-button--primary artdeco-button--disabled ember-view ml1\">…</button>\n  - attempting click action\n    2 × waiting for element to be visible, enabled and stable\n      - element is not enabled\n    - retrying click action\n    - waiting 20ms\n    2 × waiting for element to be visible, enabled and stable\n      - element is not enabled\n    - retrying click action\n      - waiting 100ms\n    9 × waiting for element to be visible, enabled and stable\n      - element is not enabled\n    - retrying click action\n      - waiting 500ms\n"}
[2026-07-01T08:42:20.291Z] [INFO] Random pause 15.3s before next connect {"minMs":6000,"maxMs":18000,"actualMs":15307}
[2026-07-01T08:42:35.620Z] [INFO] Processing 1/10 {"name":"Ankit Kumar Parasar","profileUrl":"https://www.linkedin.com/in/ankit-kumar-parasar-568a31243","headline":"","slug":"ankit-kumar-parasar-568a31243","connectAria":"Invite Ankit Kumar Parasar to connect"}
[2026-07-01T08:42:35.620Z] [INFO] Connect: Ankit Kumar Parasar {"slug":"ankit-kumar-parasar-568a31243","connectLabel":"Invite Ankit Kumar Parasar to connect"}
[2026-07-01T08:42:36.232Z] [INFO] Clicked Connect {"name":"Ankit Kumar Parasar"}
