=== Run started at 2026-07-01T08:42:57.562Z ===
[2026-07-01T08:42:57.576Z] [WARN] CONNECT_SEND_ENABLED is true — invitations will be sent with your note
[2026-07-01T08:42:57.577Z] [INFO] Launching Chrome with persistent profile {"profileDir":"D:\\new Folder of D\\Projects\\Linkdin_project\\.browser-profile-dheeraj2","headless":false}
[2026-07-01T08:42:57.577Z] [INFO] LinkedIn CONNECT request automation started {"accountId":"dheeraj2","role":"Software Engineer","location":"usa","maxPerRun":10,"delayRangeMs":[6000,3000],"sendEnabled":true,"loginOnly":false}
[2026-07-01T08:43:04.890Z] [INFO] LinkedIn session verified
[2026-07-01T08:43:04.891Z] [INFO] Loaded connect request registry {"alreadySentCount":0}
[2026-07-01T08:43:04.893Z] [INFO] Opening People search {"keywords":"Software Engineer usa","url":"https://www.linkedin.com/search/results/people/?keywords=Software%20Engineer%20usa&origin=GLOBAL_SEARCH_HEADER"}
[2026-07-01T08:43:08.288Z] [INFO] Search results loaded {"profiles":20,"connects":8}
[2026-07-01T08:43:11.680Z] [SUCCESS] People search ready {"keywords":"Software Engineer usa","connectableOnPage":8,"sample":["Manav Rajvanshi","Bhanu K","Santosh Mishra"]}
[2026-07-01T08:43:11.688Z] [INFO] Scan: 8 connectable on screen {"sentSoFar":0,"maxPerRun":10}
[2026-07-01T08:43:11.690Z] [INFO] Processing 1/10 {"name":"Manav Rajvanshi","profileUrl":"https://www.linkedin.com/in/manavrajvanshi","headline":"","slug":"manavrajvanshi","connectAria":"Invite Manav Rajvanshi to connect"}
[2026-07-01T08:43:11.690Z] [INFO] Connect: Manav Rajvanshi {"slug":"manavrajvanshi","connectLabel":"Invite Manav Rajvanshi to connect"}
[2026-07-01T08:43:12.391Z] [INFO] Clicked Connect {"name":"Manav Rajvanshi"}
[2026-07-01T08:43:22.605Z] [INFO] Random pause 5.8s before next connect {"minMs":6000,"maxMs":3000,"actualMs":5823}
[2026-07-01T08:43:22.605Z] [ERROR] Failed 1/10 {"name":"Manav Rajvanshi","reason":"locator.click: Timeout 5000ms exceeded.\nCall log:\n  - waiting for getByRole('button', { name: /send/i }).first()\n    - locator resolved to <button disabled id=\"ember68\" aria-label=\"Send invitation\" class=\"artdeco-button artdeco-button--2 artdeco-button--primary artdeco-button--disabled ember-view ml1\">…</button>\n  - attempting click action\n    2 × waiting for element to be visible, enabled and stable\n      - element is not enabled\n    - retrying click action\n    - waiting 20ms\n    2 × waiting for element to be visible, enabled and stable\n      - element is not enabled\n    - retrying click action\n      - waiting 100ms\n    9 × waiting for element to be visible, enabled and stable\n      - element is not enabled\n    - retrying click action\n      - waiting 500ms\n"}
[2026-07-01T08:43:28.432Z] [INFO] Processing 1/10 {"name":"Bhanu K","profileUrl":"https://www.linkedin.com/in/bhanu-k-a0ab6a15a","headline":"","slug":"bhanu-k-a0ab6a15a","connectAria":"Invite Bhanu K to connect"}
[2026-07-01T08:43:28.432Z] [INFO] Connect: Bhanu K {"slug":"bhanu-k-a0ab6a15a","connectLabel":"Invite Bhanu K to connect"}
[2026-07-01T08:43:29.036Z] [INFO] Clicked Connect {"name":"Bhanu K"}
[2026-07-01T08:43:39.143Z] [ERROR] Failed 1/10 {"name":"Bhanu K","reason":"locator.click: Timeout 5000ms exceeded.\nCall log:\n  - waiting for getByRole('button', { name: /send/i }).first()\n    - locator resolved to <button disabled id=\"ember85\" aria-label=\"Send invitation\" class=\"artdeco-button artdeco-button--2 artdeco-button--primary artdeco-button--disabled ember-view ml1\">…</button>\n  - attempting click action\n    2 × waiting for element to be visible, enabled and stable\n      - element is not enabled\n    - retrying click action\n    - waiting 20ms\n    2 × waiting for element to be visible, enabled and stable\n      - element is not enabled\n    - retrying click action\n      - waiting 100ms\n    9 × waiting for element to be visible, enabled and stable\n      - element is not enabled\n    - retrying click action\n      - waiting 500ms\n"}
[2026-07-01T08:43:39.144Z] [INFO] Random pause 4.6s before next connect {"minMs":6000,"maxMs":3000,"actualMs":4555}
[2026-07-01T08:43:43.703Z] [INFO] Processing 1/10 {"name":"Santosh Mishra","profileUrl":"https://www.linkedin.com/in/santosh-mishra-b38b61255","headline":"","slug":"santosh-mishra-b38b61255","connectAria":"Invite Santosh Mishra to connect"}
[2026-07-01T08:43:43.703Z] [INFO] Connect: Santosh Mishra {"slug":"santosh-mishra-b38b61255","connectLabel":"Invite Santosh Mishra to connect"}
[2026-07-01T08:43:47.945Z] [INFO] Clicked Connect {"name":"Santosh Mishra"}
[2026-07-01T08:43:57.905Z] [ERROR] Failed 1/10 {"name":"Santosh Mishra","reason":"locator.click: Timeout 5000ms exceeded.\nCall log:\n  - waiting for getByRole('button', { name: /send/i }).first()\n    - locator resolved to <button disabled id=\"ember119\" aria-label=\"Send invitation\" class=\"artdeco-button artdeco-button--2 artdeco-button--primary artdeco-button--disabled ember-view ml1\">…</button>\n  - attempting click action\n    2 × waiting for element to be visible, enabled and stable\n      - element is not enabled\n    - retrying click action\n    - waiting 20ms\n    2 × waiting for element to be visible, enabled and stable\n      - element is not enabled\n    - retrying click action\n      - waiting 100ms\n    7 × waiting for element to be visible, enabled and stable\n      - element is not enabled\n    - retrying click action\n      - waiting 500ms\n    - waiting for element to be visible, enabled and stable\n  - element was detached from the DOM, retrying\n"}
[2026-07-01T08:43:57.905Z] [INFO] Random pause 4.6s before next connect {"minMs":6000,"maxMs":3000,"actualMs":4644}
