=== Run started at 2026-07-01T08:28:45.197Z ===
[2026-07-01T08:28:45.227Z] [INFO] LinkedIn automation started {"accountId":"dheeraj2","sendEnabled":true,"maxConnections":10,"dailyMessageLimit":25,"delayRangeMs":[3000,12000],"maxScrollAttempts":180,"loginOnly":false}
[2026-07-01T08:28:45.231Z] [WARN] SEND_ENABLED is true — messages will be sent automatically
[2026-07-01T08:28:45.231Z] [INFO] Launching Chrome with persistent profile {"profileDir":"D:\\new Folder of D\\Projects\\Linkdin_project\\.browser-profile-dheeraj2","headless":false}
[2026-07-01T08:28:50.392Z] [INFO] LinkedIn session verified
[2026-07-01T08:28:50.395Z] [INFO] Loaded sent registry {"alreadySentCount":0,"sentFilePath":"D:\\new Folder of D\\Projects\\Linkdin_project\\data\\accounts\\dheeraj2\\sent_connections.json"}
[2026-07-01T08:28:50.395Z] [INFO] Navigating to connections page {"url":"https://www.linkedin.com/mynetwork/invite-connect/connections/"}
[2026-07-01T08:28:52.691Z] [INFO] No anchor yet — will find deepest already-messaged person in list order
[2026-07-01T08:28:52.794Z] [INFO] Building connections list in order (top → bottom)... {"maxConnections":10,"lastAnchor":"(none — will use sent registry)","alreadyMessaged":0}
[2026-07-01T08:28:58.265Z] [INFO] Scroll 5: 1 in list, anchor at #?
[2026-07-01T08:29:02.200Z] [INFO] Scroll 10: 1 in list, anchor at #?
[2026-07-01T08:29:05.336Z] [INFO] Scroll 15: 1 in list, anchor at #?
[2026-07-01T08:29:08.406Z] [INFO] Scroll 20: 1 in list, anchor at #?
[2026-07-01T08:29:11.472Z] [INFO] Scroll 25: 1 in list, anchor at #?
[2026-07-01T08:29:14.541Z] [INFO] Scroll 30: 1 in list, anchor at #?
[2026-07-01T08:29:17.637Z] [INFO] Scroll 35: 1 in list, anchor at #?
[2026-07-01T08:29:20.759Z] [INFO] Scroll 40: 1 in list, anchor at #?
[2026-07-01T08:29:23.845Z] [INFO] Scroll 45: 1 in list, anchor at #?
[2026-07-01T08:29:26.929Z] [INFO] Scroll 50: 1 in list, anchor at #?
[2026-07-01T08:29:29.997Z] [INFO] Scroll 55: 1 in list, anchor at #?
[2026-07-01T08:29:33.056Z] [INFO] Scroll 60: 1 in list, anchor at #?
[2026-07-01T08:29:36.122Z] [INFO] Scroll 65: 1 in list, anchor at #?
[2026-07-01T08:29:39.198Z] [INFO] Scroll 70: 1 in list, anchor at #?
[2026-07-01T08:29:42.249Z] [INFO] Scroll 75: 1 in list, anchor at #?
[2026-07-01T08:29:45.331Z] [INFO] Scroll 80: 1 in list, anchor at #?
[2026-07-01T08:29:48.428Z] [INFO] Scroll 85: 1 in list, anchor at #?
[2026-07-01T08:29:51.516Z] [INFO] Scroll 90: 1 in list, anchor at #?
[2026-07-01T08:29:54.586Z] [INFO] Scroll 95: 1 in list, anchor at #?
[2026-07-01T08:29:57.671Z] [INFO] Scroll 100: 1 in list, anchor at #?
[2026-07-01T08:30:00.747Z] [INFO] Scroll 105: 1 in list, anchor at #?
[2026-07-01T08:30:03.830Z] [INFO] Scroll 110: 1 in list, anchor at #?
[2026-07-01T08:30:06.910Z] [INFO] Scroll 115: 1 in list, anchor at #?
[2026-07-01T08:30:09.975Z] [INFO] Scroll 120: 1 in list, anchor at #?
