=== Run started at 2026-07-01T08:38:20.937Z ===
[2026-07-01T08:38:20.955Z] [WARN] SEND_ENABLED is true — messages will be sent automatically
[2026-07-01T08:38:20.955Z] [INFO] LinkedIn automation started {"accountId":"dheeraj2","sendEnabled":true,"maxConnections":10,"dailyMessageLimit":25,"delayRangeMs":[3000,12000],"maxScrollAttempts":180,"loginOnly":false}
[2026-07-01T08:38:20.955Z] [INFO] Launching Chrome with persistent profile {"profileDir":"D:\\new Folder of D\\Projects\\Linkdin_project\\.browser-profile-dheeraj2","headless":false}
[2026-07-01T08:38:24.611Z] [INFO] LinkedIn session verified
[2026-07-01T08:38:24.615Z] [INFO] Loaded sent registry {"alreadySentCount":0,"sentFilePath":"D:\\new Folder of D\\Projects\\Linkdin_project\\data\\accounts\\dheeraj2\\sent_connections.json"}
[2026-07-01T08:38:24.615Z] [INFO] Navigating to connections page {"url":"https://www.linkedin.com/mynetwork/invite-connect/connections/"}
[2026-07-01T08:38:27.032Z] [INFO] No anchor yet — will find deepest already-messaged person in list order
[2026-07-01T08:38:27.078Z] [INFO] Building connections list in order (top → bottom)... {"maxConnections":10,"lastAnchor":"(none — will use sent registry)","alreadyMessaged":0}
[2026-07-01T08:38:31.245Z] [INFO] Scroll 5: 1 in list, anchor at #?
[2026-07-01T08:38:35.001Z] [INFO] Scroll 10: 1 in list, anchor at #?
[2026-07-01T08:38:36.846Z] [INFO] List complete: 1 connection(s), messaging from top
[2026-07-01T08:38:36.846Z] [SUCCESS] Messaging 1 person(s) BELOW anchor {"anchor":"(start of list)","anchorPosition":0,"firstTarget":"M Benedict","lastTarget":"M Benedict","listSize":1,"scrollSteps":13}
[2026-07-01T08:38:36.853Z] [SUCCESS] Connections saved to file {"outputPath":"D:\\new Folder of D\\Projects\\Linkdin_project\\data\\accounts\\dheeraj2\\connections-2026-07-01T08-38-36-847Z.json"}
[2026-07-01T08:38:36.864Z] [INFO] Processing 1/1 {"name":"M Benedict","profileUrl":"https://www.linkedin.com/in/m-benedict-rose-874b97255/"}
[2026-07-01T08:38:36.864Z] [INFO] Opening profile {"profileUrl":"https://www.linkedin.com/in/m-benedict-rose-874b97255/"}
[2026-07-01T08:38:47.996Z] [INFO] Compose ready {"name":"M Benedict"}
[2026-07-01T08:38:48.002Z] [INFO] Personalized message {"name":"M Benedict","preview":"Hi M,\r\n\r\nI hope you're doing well.\r\n\r\nI'"}
[2026-07-01T08:38:49.792Z] [SUCCESS] Message drafted {"preview":"Hi M,\n\n\n\n\nI hope you're doing well.\n\n\n\n\nI'm Dheeraj Kumar Ya","sendEnabled":true}
[2026-07-01T08:38:52.913Z] [SUCCESS] Message sent
[2026-07-01T08:38:52.917Z] [INFO] Message sent & saved {"name":"M Benedict","totalTracked":1}
[2026-07-01T08:38:52.921Z] [INFO] Anchor moved down {"name":"M Benedict"}
[2026-07-01T08:38:52.928Z] [SUCCESS] Done 1/1 {"name":"M Benedict"}
[2026-07-01T08:38:53.586Z] [SUCCESS] Run completed {"successCount":1,"skippedCount":0,"failedCount":0,"skippedAlreadySent":0,"totalSentAllTime":1,"summaryPath":"D:\\new Folder of D\\Projects\\Linkdin_project\\data\\accounts\\dheeraj2\\run-summary-2026-07-01T08-38-53-572Z.json"}
[2026-07-01T08:38:53.955Z] [INFO] Browser closed
